<?xml version="1.0" encoding="UTF-8"?>
<!-- Generated by org.testng.reporters.JUnitReportReporter -->
<testsuite skipped="0" hostname="Mohameds-MBP.attlocal.net" name="com.devops.FunctionalTestCases" tests="1" failures="0" timestamp="2020-04-11T23:15:28 CDT" time="2.330" errors="0">
  <testcase name="homeTest" time="2.330" classname="com.devops.FunctionalTestCases"/>
  <system-out/>
</testsuite> <!-- com.devops.FunctionalTestCases -->
